0 silly argv { _: [ 'version' ],
0 silly argv   amend: true,
0 silly argv   lernaVersion: '3.14.1',
0 silly argv   '$0': 'node_modules/.bin/lerna' }
1 notice cli v3.14.1
2 verbose rootPath /Users/joyer/Documents/worksplace/font/lerna-study
3 info current version 1.0.1
4 silly isAnythingCommitted
5 verbose isAnythingCommitted 1
6 silly currentBranch
7 verbose currentBranch version
8 silly hasTags
9 verbose hasTags true
10 silly git-describe.sync "v1.0.0-1-gb0dddc0" => {"lastTagName":"v1.0.0","lastVersion":"v1.0.0","refCount":"1","sha":"b0dddc0","isDirty":false}
11 info Looking for changed packages since v1.0.0
12 silly checking diff packages/version1
13 silly found diff in packages/version1/index.js
13 silly found diff in packages/version1/package.json
14 verbose filtered diff [ 'packages/version1/index.js',
14 verbose filtered diff   'packages/version1/package.json' ]
15 verbose updated @test/lern-study-version-version1
16 warn version Skipping working tree validation, proceed at your own risk
17 info execute Skipping git push
18 info execute Skipping GitHub releases
19 silly lifecycle No script for "preversion" in "@test/lerna-version", continuing
20 silly lifecycle No script for "preversion" in "@test/lern-study-version-version1", continuing
21 silly lifecycle No script for "version" in "@test/lern-study-version-version1", continuing
22 silly lifecycle No script for "version" in "@test/lerna-version", continuing
23 silly gitAdd [ '/Users/joyer/Documents/worksplace/font/lerna-study/packages/version1/package.json',
23 silly gitAdd   '/Users/joyer/Documents/worksplace/font/lerna-study/lerna.json' ]
24 silly gitCommit v1.0.2
25 verbose git [ 'commit', '--amend', '--no-edit' ]
26 silly gitTag v1.0.2
27 verbose git [ 'tag', 'v1.0.2', '-m', 'v1.0.2' ]
28 error Error: Command failed: git tag v1.0.2 -m v1.0.2
28 error fatal: tag 'v1.0.2' already exists
28 error
28 error     at makeError (/Users/joyer/Documents/worksplace/font/lerna-study/node_modules/_execa@1.0.0@execa/index.js:174:9)
28 error     at Promise.all.then.arr (/Users/joyer/Documents/worksplace/font/lerna-study/node_modules/_execa@1.0.0@execa/index.js:278:16)
